#
# A fatal error has been detected by the Java Runtime Environment:
#
#  EXCEPTION_ACCESS_VIOLATION (0xc0000005) at pc=0x0000000000000000, pid=5768, tid=7196
#
# JRE version: Java(TM) SE Runtime Environment (7.0_45-b18) (build 1.7.0_45-b18)
# Java VM: Java HotSpot(TM) 64-Bit Server VM (24.45-b08 mixed mode windows-amd64 compressed oops)
# Problematic frame:
# C  0x0000000000000000
#
# Failed to write core dump. Minidumps are not enabled by default on client versions of Windows
#
# If you would like to submit a bug report, please visit:
#   http://bugreport.sun.com/bugreport/crash.jsp
# The crash happened outside the Java Virtual Machine in native code.
# See problematic frame for where to report the bug.
#

---------------  T H R E A D  ---------------

Current thread (0x000000000b865000):  JavaThread "AWT-EventQueue-0" [_thread_in_native, id=7196, stack(0x000000000c4b0000,0x000000000c5b0000)]

siginfo: ExceptionCode=0xc0000005, ExceptionInformation=0x0000000000000008 0x0000000000000000

Registers:
RAX=0x000000000b91d090, RBX=0x0000000000000009, RCX=0x0000000002c509e8, RDX=0x000000000b896000
RSP=0x000000000c5ae268, RBP=0x00000000000003e8, RSI=0x0000000000000009, RDI=0x0000000002c4d770
R8 =0x0000000000000000, R9 =0x0000000000000009, R10=0x0000000002c509f0, R11=0x000000006094f900
R12=0x0000000000000000, R13=0x000000009d50e170, R14=0x000000000c5ae380, R15=0x000000000b865000
RIP=0x0000000000000000, EFLAGS=0x0000000000010246

Top of Stack: (sp=0x000000000c5ae268)
0x000000000c5ae268:   00007ffeee3b600d 0000000002d56274
0x000000000c5ae278:   0000000002d63958 0000000009d78800
0x000000000c5ae288:   000000000b865000 000000000b91d090
0x000000000c5ae298:   0000000009d79c60 0000000002d56274
0x000000000c5ae2a8:   0000000002d63acf 000000000c5ae348
0x000000000c5ae2b8:   000000009d50e170 000000009d362f00
0x000000000c5ae2c8:   0000000000000000 0000000000000000
0x000000000c5ae2d8:   000000000b865000 000000000c5ae3e0
0x000000000c5ae2e8:   0000000002d6e103 0000000002d55410
0x000000000c5ae2f8:   0000000000000031 00000000e6f9a548
0x000000000c5ae308:   000000000c5ae2f8 000000009d50e170
0x000000000c5ae318:   000000000c5ae380 000000009d513318
0x000000000c5ae328:   0000000000000000 000000009d50e170
0x000000000c5ae338:   0000000000000000 000000000c5ae368
0x000000000c5ae348:   000000000c5ae3c8 0000000002d56274
0x000000000c5ae358:   0000000000000000 0000000002d5f0d6 

Instructions: (pc=0x0000000000000000)
0xffffffffffffffe0:   


Register to memory mapping:

RAX=0x000000000b91d090 is an unknown value
RBX=0x0000000000000009 is an unknown value
RCX=0x0000000002c509e8 is an unknown value
RDX=0x000000000b896000 is a global jni handle
RSP=0x000000000c5ae268 is pointing into the stack for thread: 0x000000000b865000
RBP=0x00000000000003e8 is an unknown value
RSI=0x0000000000000009 is an unknown value
RDI=0x0000000002c4d770 is an unknown value
R8 =0x0000000000000000 is an unknown value
R9 =0x0000000000000009 is an unknown value
R10=0x0000000002c509f0 is an unknown value
R11=0x000000006094f900 is an unknown value
R12=0x0000000000000000 is an unknown value
R13=0x000000009d50e170 is an oop
{method} 
 - klass: {other class}
R14=0x000000000c5ae380 is pointing into the stack for thread: 0x000000000b865000
R15=0x000000000b865000 is a thread


Stack: [0x000000000c4b0000,0x000000000c5b0000],  sp=0x000000000c5ae268,  free space=1016k
Java frames: (J=compiled Java code, j=interpreted, Vv=VM code)
j  ch.aplu.jaw.NativeHandler.nativeReadBuf(JI)I+0
j  ch.aplu.jaw.NativeHandler.readBuf(I)I+33
j  ch.aplu.xboxcontroller.XboxController.readData()Lch/aplu/xboxcontroller/ControllerState;+15
j  ch.aplu.xboxcontroller.XboxController.access$000(Lch/aplu/xboxcontroller/XboxController;)Lch/aplu/xboxcontroller/ControllerState;+1
j  ch.aplu.xboxcontroller.XboxController$1.actionPerformed(Ljava/awt/event/ActionEvent;)V+4
j  javax.swing.Timer.fireActionPerformed(Ljava/awt/event/ActionEvent;)V+35
j  javax.swing.Timer$DoPostEvent.run()V+74
j  java.awt.event.InvocationEvent.dispatch()V+47
j  java.awt.EventQueue.dispatchEventImpl(Ljava/awt/AWTEvent;Ljava/lang/Object;)V+21
j  java.awt.EventQueue.access$200(Ljava/awt/EventQueue;Ljava/awt/AWTEvent;Ljava/lang/Object;)V+3
j  java.awt.EventQueue$3.run()Ljava/lang/Void;+12
j  java.awt.EventQueue$3.run()Ljava/lang/Object;+1
v  ~StubRoutines::call_stub
J  java.security.AccessController.doPrivileged(Ljava/security/PrivilegedAction;Ljava/security/AccessControlContext;)Ljava/lang/Object;
J  java.security.ProtectionDomain$1.doIntersectionPrivilege(Ljava/security/PrivilegedAction;Ljava/security/AccessControlContext;Ljava/security/AccessControlContext;)Ljava/lang/Object;
j  java.awt.EventQueue.dispatchEvent(Ljava/awt/AWTEvent;)V+46
j  java.awt.EventDispatchThread.pumpOneEventForFilters(I)V+245
j  java.awt.EventDispatchThread.pumpEventsForFilter(ILjava/awt/Conditional;Ljava/awt/EventFilter;)V+35
j  java.awt.EventDispatchThread.pumpEventsForHierarchy(ILjava/awt/Conditional;Ljava/awt/Component;)V+11
j  java.awt.EventDispatchThread.pumpEvents(ILjava/awt/Conditional;)V+4
j  java.awt.EventDispatchThread.pumpEvents(Ljava/awt/Conditional;)V+3
j  java.awt.EventDispatchThread.run()V+9
v  ~StubRoutines::call_stub

---------------  P R O C E S S  ---------------

Java Threads: ( => current thread )
  0x000000000d4c7000 JavaThread "DestroyJavaVM" [_thread_blocked, id=5836, stack(0x0000000002aa0000,0x0000000002ba0000)]
  0x000000000ba17800 JavaThread "Display" [_thread_in_Java, id=4892, stack(0x000000000dd90000,0x000000000de90000)]
  0x000000000b9d1000 JavaThread "Puppet Serial Input Thread" [_thread_blocked, id=6136, stack(0x000000000dc90000,0x000000000dd90000)]
  0x000000000b9f7000 JavaThread "UDP Broadcast Thread" [_thread_blocked, id=7712, stack(0x000000000d390000,0x000000000d490000)]
  0x000000000b9f6000 JavaThread "Rover Input Thread" [_thread_in_native, id=1792, stack(0x000000000d290000,0x000000000d390000)]
  0x000000000b986000 JavaThread "TimerQueue" daemon [_thread_blocked, id=6716, stack(0x000000000d190000,0x000000000d290000)]
  0x000000000b91c800 JavaThread "Thread-2" [_thread_in_native, id=7256, stack(0x000000000cd90000,0x000000000ce90000)]
=>0x000000000b865000 JavaThread "AWT-EventQueue-0" [_thread_in_native, id=7196, stack(0x000000000c4b0000,0x000000000c5b0000)]
  0x000000000b7aa000 JavaThread "AWT-Windows" daemon [_thread_in_native, id=7820, stack(0x000000000bfa0000,0x000000000c0a0000)]
  0x000000000b7a9800 JavaThread "AWT-Shutdown" [_thread_blocked, id=8020, stack(0x000000000bea0000,0x000000000bfa0000)]
  0x000000000b7a4800 JavaThread "Java2D Disposer" daemon [_thread_blocked, id=1396, stack(0x000000000bda0000,0x000000000bea0000)]
  0x0000000009d86000 JavaThread "Service Thread" daemon [_thread_blocked, id=3828, stack(0x000000000b4e0000,0x000000000b5e0000)]
  0x0000000009d75800 JavaThread "C2 CompilerThread1" daemon [_thread_in_native, id=7264, stack(0x000000000b3e0000,0x000000000b4e0000)]
  0x0000000009d73800 JavaThread "C2 CompilerThread0" daemon [_thread_in_native, id=6152, stack(0x000000000b2e0000,0x000000000b3e0000)]
  0x0000000009d73000 JavaThread "Attach Listener" daemon [_thread_blocked, id=2516, stack(0x000000000b1e0000,0x000000000b2e0000)]
  0x0000000009d70000 JavaThread "Signal Dispatcher" daemon [_thread_blocked, id=6240, stack(0x000000000b0e0000,0x000000000b1e0000)]
  0x0000000009d3c800 JavaThread "Finalizer" daemon [_thread_blocked, id=6860, stack(0x000000000afe0000,0x000000000b0e0000)]
  0x0000000009d32000 JavaThread "Reference Handler" daemon [_thread_blocked, id=7576, stack(0x000000000aee0000,0x000000000afe0000)]

Other Threads:
  0x0000000009d31000 VMThread [stack: 0x000000000ade0000,0x000000000aee0000] [id=7564]
  0x0000000009d9f800 WatcherThread [stack: 0x000000000b5e0000,0x000000000b6e0000] [id=3656]

VM state:not at safepoint (normal execution)

VM Mutex/Monitor currently owned by a thread: None

Heap
 PSYoungGen      total 103936K, used 11291K [0x00000000e0a00000, 0x00000000e7300000, 0x0000000100000000)
  eden space 100352K, 8% used [0x00000000e0a00000,0x00000000e11e2200,0x00000000e6c00000)
  from space 3584K, 89% used [0x00000000e6f80000,0x00000000e72a4d10,0x00000000e7300000)
  to   space 3584K, 0% used [0x00000000e6c00000,0x00000000e6c00000,0x00000000e6f80000)
 ParOldGen       total 64000K, used 6141K [0x00000000a1e00000, 0x00000000a5c80000, 0x00000000e0a00000)
  object space 64000K, 9% used [0x00000000a1e00000,0x00000000a23ff458,0x00000000a5c80000)
 PSPermGen       total 21504K, used 11361K [0x000000009cc00000, 0x000000009e100000, 0x00000000a1e00000)
  object space 21504K, 52% used [0x000000009cc00000,0x000000009d7186d8,0x000000009e100000)

Card table byte_map: [0x0000000005e10000,0x0000000006130000] byte_map_base: 0x000000000592a000

Polling page: 0x0000000001110000

Code Cache  [0x0000000002d50000, 0x0000000002fc0000, 0x0000000005d50000)
 total_blobs=975 nmethods=545 adapters=381 free_code_cache=47429Kb largest_free_block=48541376

Compilation events (10 events):
Event: 12.404 Thread 0x0000000009d73800  547             sun.awt.image.SunVolatileImage::getWidth (5 bytes)
Event: 12.404 Thread 0x0000000009d75800  548             sun.awt.image.SunVolatileImage::getHeight (5 bytes)
Event: 12.405 Thread 0x0000000009d73800 nmethod 547 0x0000000002f00810 code [0x0000000002f00940, 0x0000000002f00998]
Event: 12.405 Thread 0x0000000009d73800  549   !         javax.swing.RepaintManager$PaintManager::paintDoubleBuffered (294 bytes)
Event: 12.405 Thread 0x0000000009d75800 nmethod 548 0x0000000002ef06d0 code [0x0000000002ef0800, 0x0000000002ef0858]
Event: 12.405 Thread 0x0000000009d75800  550             sun.java2d.SurfaceData::getDefaultScale (2 bytes)
Event: 12.406 Thread 0x0000000009d75800 nmethod 550 0x0000000002ef04d0 code [0x0000000002ef0600, 0x0000000002ef0658]
Event: 12.456 Thread 0x0000000009d75800  551             java.awt.Component::getSiblingIndexAbove (33 bytes)
Event: 12.468 Thread 0x0000000009d75800 nmethod 551 0x0000000002ef8b50 code [0x0000000002ef8cc0, 0x0000000002ef9048]
Event: 12.617 Thread 0x0000000009d75800  552             sun.java2d.SunGraphics2D::clipRect (17 bytes)

GC Heap History (10 events):
Event: 8.184 GC heap before
{Heap before GC invocations=2 (full 0):
 PSYoungGen      total 28672K, used 28499K [0x00000000e0a00000, 0x00000000e2980000, 0x0000000100000000)
  eden space 25088K, 100% used [0x00000000e0a00000,0x00000000e2280000,0x00000000e2280000)
  from space 3584K, 95% used [0x00000000e2280000,0x00000000e25d4d10,0x00000000e2600000)
  to   space 3584K, 0% used [0x00000000e2600000,0x00000000e2600000,0x00000000e2980000)
 ParOldGen       total 64000K, used 3054K [0x00000000a1e00000, 0x00000000a5c80000, 0x00000000e0a00000)
  object space 64000K, 4% used [0x00000000a1e00000,0x00000000a20fba20,0x00000000a5c80000)
 PSPermGen       total 21504K, used 11251K [0x000000009cc00000, 0x000000009e100000, 0x00000000a1e00000)
  object space 21504K, 52% used [0x000000009cc00000,0x000000009d6fcc30,0x000000009e100000)
Event: 8.206 GC heap after
Heap after GC invocations=2 (full 0):
 PSYoungGen      total 28672K, used 3219K [0x00000000e0a00000, 0x00000000e2980000, 0x0000000100000000)
  eden space 25088K, 0% used [0x00000000e0a00000,0x00000000e0a00000,0x00000000e2280000)
  from space 3584K, 89% used [0x00000000e2600000,0x00000000e2924d10,0x00000000e2980000)
  to   space 3584K, 0% used [0x00000000e2280000,0x00000000e2280000,0x00000000e2600000)
 ParOldGen       total 64000K, used 3062K [0x00000000a1e00000, 0x00000000a5c80000, 0x00000000e0a00000)
  object space 64000K, 4% used [0x00000000a1e00000,0x00000000a20fda20,0x00000000a5c80000)
 PSPermGen       total 21504K, used 11251K [0x000000009cc00000, 0x000000009e100000, 0x00000000a1e00000)
  object space 21504K, 52% used [0x000000009cc00000,0x000000009d6fcc30,0x000000009e100000)
}
Event: 8.970 GC heap before
{Heap before GC invocations=3 (full 0):
 PSYoungGen      total 28672K, used 28307K [0x00000000e0a00000, 0x00000000e2980000, 0x0000000100000000)
  eden space 25088K, 100% used [0x00000000e0a00000,0x00000000e2280000,0x00000000e2280000)
  from space 3584K, 89% used [0x00000000e2600000,0x00000000e2924d10,0x00000000e2980000)
  to   space 3584K, 0% used [0x00000000e2280000,0x00000000e2280000,0x00000000e2600000)
 ParOldGen       total 64000K, used 3062K [0x00000000a1e00000, 0x00000000a5c80000, 0x00000000e0a00000)
  object space 64000K, 4% used [0x00000000a1e00000,0x00000000a20fda20,0x00000000a5c80000)
 PSPermGen       total 21504K, used 11261K [0x000000009cc00000, 0x000000009e100000, 0x00000000a1e00000)
  object space 21504K, 52% used [0x000000009cc00000,0x000000009d6ff780,0x000000009e100000)
Event: 8.984 GC heap after
Heap after GC invocations=3 (full 0):
 PSYoungGen      total 28672K, used 3219K [0x00000000e0a00000, 0x00000000e4200000, 0x0000000100000000)
  eden space 25088K, 0% used [0x00000000e0a00000,0x00000000e0a00000,0x00000000e2280000)
  from space 3584K, 89% used [0x00000000e2280000,0x00000000e25a4d10,0x00000000e2600000)
  to   space 3584K, 0% used [0x00000000e3e80000,0x00000000e3e80000,0x00000000e4200000)
 ParOldGen       total 64000K, used 3070K [0x00000000a1e00000, 0x00000000a5c80000, 0x00000000e0a00000)
  object space 64000K, 4% used [0x00000000a1e00000,0x00000000a20ffa20,0x00000000a5c80000)
 PSPermGen       total 21504K, used 11261K [0x000000009cc00000, 0x000000009e100000, 0x00000000a1e00000)
  object space 21504K, 52% used [0x000000009cc00000,0x000000009d6ff780,0x000000009e100000)
}
Event: 9.543 GC heap before
{Heap before GC invocations=4 (full 0):
 PSYoungGen      total 28672K, used 28307K [0x00000000e0a00000, 0x00000000e4200000, 0x0000000100000000)
  eden space 25088K, 100% used [0x00000000e0a00000,0x00000000e2280000,0x00000000e2280000)
  from space 3584K, 89% used [0x00000000e2280000,0x00000000e25a4d10,0x00000000e2600000)
  to   space 3584K, 0% used [0x00000000e3e80000,0x00000000e3e80000,0x00000000e4200000)
 ParOldGen       total 64000K, used 3070K [0x00000000a1e00000, 0x00000000a5c80000, 0x00000000e0a00000)
  object space 64000K, 4% used [0x00000000a1e00000,0x00000000a20ffa20,0x00000000a5c80000)
 PSPermGen       total 21504K, used 11270K [0x000000009cc00000, 0x000000009e100000, 0x00000000a1e00000)
  object space 21504K, 52% used [0x000000009cc00000,0x000000009d701870,0x000000009e100000)
Event: 9.557 GC heap after
Heap after GC invocations=4 (full 0):
 PSYoungGen      total 53760K, used 3219K [0x00000000e0a00000, 0x00000000e4200000, 0x0000000100000000)
  eden space 50176K, 0% used [0x00000000e0a00000,0x00000000e0a00000,0x00000000e3b00000)
  from space 3584K, 89% used [0x00000000e3e80000,0x00000000e41a4d10,0x00000000e4200000)
  to   space 3584K, 0% used [0x00000000e3b00000,0x00000000e3b00000,0x00000000e3e80000)
 ParOldGen       total 64000K, used 3078K [0x00000000a1e00000, 0x00000000a5c80000, 0x00000000e0a00000)
  object space 64000K, 4% used [0x00000000a1e00000,0x00000000a2101a20,0x00000000a5c80000)
 PSPermGen       total 21504K, used 11270K [0x000000009cc00000, 0x000000009e100000, 0x00000000a1e00000)
  object space 21504K, 52% used [0x000000009cc00000,0x000000009d701870,0x000000009e100000)
}
Event: 11.062 GC heap before
{Heap before GC invocations=5 (full 0):
 PSYoungGen      total 53760K, used 53395K [0x00000000e0a00000, 0x00000000e4200000, 0x0000000100000000)
  eden space 50176K, 100% used [0x00000000e0a00000,0x00000000e3b00000,0x00000000e3b00000)
  from space 3584K, 89% used [0x00000000e3e80000,0x00000000e41a4d10,0x00000000e4200000)
  to   space 3584K, 0% used [0x00000000e3b00000,0x00000000e3b00000,0x00000000e3e80000)
 ParOldGen       total 64000K, used 3078K [0x00000000a1e00000, 0x00000000a5c80000, 0x00000000e0a00000)
  object space 64000K, 4% used [0x00000000a1e00000,0x00000000a2101a20,0x00000000a5c80000)
 PSPermGen       total 21504K, used 11287K [0x000000009cc00000, 0x000000009e100000, 0x00000000a1e00000)
  object space 21504K, 52% used [0x000000009cc00000,0x000000009d705e90,0x000000009e100000)
Event: 11.087 GC heap after
Heap after GC invocations=5 (full 0):
 PSYoungGen      total 53760K, used 3219K [0x00000000e0a00000, 0x00000000e7300000, 0x0000000100000000)
  eden space 50176K, 0% used [0x00000000e0a00000,0x00000000e0a00000,0x00000000e3b00000)
  from space 3584K, 89% used [0x00000000e3b00000,0x00000000e3e24d10,0x00000000e3e80000)
  to   space 3584K, 0% used [0x00000000e6f80000,0x00000000e6f80000,0x00000000e7300000)
 ParOldGen       total 64000K, used 6133K [0x00000000a1e00000, 0x00000000a5c80000, 0x00000000e0a00000)
  object space 64000K, 9% used [0x00000000a1e00000,0x00000000a23fd440,0x00000000a5c80000)
 PSPermGen       total 21504K, used 11287K [0x000000009cc00000, 0x000000009e100000, 0x00000000a1e00000)
  object space 21504K, 52% used [0x000000009cc00000,0x000000009d705e90,0x000000009e100000)
}
Event: 12.501 GC heap before
{Heap before GC invocations=6 (full 0):
 PSYoungGen      total 53760K, used 53395K [0x00000000e0a00000, 0x00000000e7300000, 0x0000000100000000)
  eden space 50176K, 100% used [0x00000000e0a00000,0x00000000e3b00000,0x00000000e3b00000)
  from space 3584K, 89% used [0x00000000e3b00000,0x00000000e3e24d10,0x00000000e3e80000)
  to   space 3584K, 0% used [0x00000000e6f80000,0x00000000e6f80000,0x00000000e7300000)
 ParOldGen       total 64000K, used 6133K [0x00000000a1e00000, 0x00000000a5c80000, 0x00000000e0a00000)
  object space 64000K, 9% used [0x00000000a1e00000,0x00000000a23fd458,0x00000000a5c80000)
 PSPermGen       total 21504K, used 11360K [0x000000009cc00000, 0x000000009e100000, 0x00000000a1e00000)
  object space 21504K, 52% used [0x000000009cc00000,0x000000009d718128,0x000000009e100000)
Event: 12.523 GC heap after
Heap after GC invocations=6 (full 0):
 PSYoungGen      total 103936K, used 3219K [0x00000000e0a00000, 0x00000000e7300000, 0x0000000100000000)
  eden space 100352K, 0% used [0x00000000e0a00000,0x00000000e0a00000,0x00000000e6c00000)
  from space 3584K, 89% used [0x00000000e6f80000,0x00000000e72a4d10,0x00000000e7300000)
  to   space 3584K, 0% used [0x00000000e6c00000,0x00000000e6c00000,0x00000000e6f80000)
 ParOldGen       total 64000K, used 6141K [0x00000000a1e00000, 0x00000000a5c80000, 0x00000000e0a00000)
  object space 64000K, 9% used [0x00000000a1e00000,0x00000000a23ff458,0x00000000a5c80000)
 PSPermGen       total 21504K, used 11360K [0x000000009cc00000, 0x000000009e100000, 0x00000000a1e00000)
  object space 21504K, 52% used [0x000000009cc00000,0x000000009d718128,0x000000009e100000)
}

Deoptimization events (10 events):
Event: 5.580 Thread 0x000000000b865000 Uncommon trap: reason=bimorphic action=maybe_recompile pc=0x0000000002df65e0 method=javax.swing.RepaintManager.addDirtyRegion0(Ljava/awt/Container;IIII)V @ 16
Event: 5.580 Thread 0x000000000b865000 Uncommon trap: reason=bimorphic action=maybe_recompile pc=0x0000000002df65e0 method=javax.swing.RepaintManager.addDirtyRegion0(Ljava/awt/Container;IIII)V @ 16
Event: 5.586 Thread 0x000000000b865000 Uncommon trap: reason=unreached action=reinterpret pc=0x0000000002e2bcf0 method=java.awt.Component.areBoundsValid()Z @ 6
Event: 5.591 Thread 0x000000000b865000 Uncommon trap: reason=unreached action=reinterpret pc=0x0000000002e2ab28 method=java.awt.Component.areBoundsValid()Z @ 6
Event: 5.603 Thread 0x000000000b865000 Uncommon trap: reason=unreached action=reinterpret pc=0x0000000002e26888 method=java.awt.Component.getForeground()Ljava/awt/Color; @ 6
Event: 5.603 Thread 0x000000000b865000 Uncommon trap: reason=unreached action=reinterpret pc=0x0000000002e09648 method=java.awt.Component.getBackground()Ljava/awt/Color; @ 6
Event: 11.114 Thread 0x000000000b865000 Uncommon trap: reason=class_check action=maybe_recompile pc=0x0000000002e06b24 method=java.util.concurrent.ConcurrentHashMap.get(Ljava/lang/Object;)Ljava/lang/Object; @ 117
Event: 11.114 Thread 0x000000000b865000 Uncommon trap: reason=class_check action=maybe_recompile pc=0x0000000002e06b24 method=java.util.concurrent.ConcurrentHashMap.get(Ljava/lang/Object;)Ljava/lang/Object; @ 117
Event: 11.124 Thread 0x000000000b865000 Uncommon trap: reason=bimorphic action=maybe_recompile pc=0x0000000002eb2b50 method=javax.swing.JComponent.paintBorder(Ljava/awt/Graphics;)V @ 22
Event: 11.142 Thread 0x000000000b865000 Uncommon trap: reason=bimorphic action=maybe_recompile pc=0x0000000002eb2b50 method=javax.swing.JComponent.paintBorder(Ljava/awt/Graphics;)V @ 22

Internal exceptions (10 events):
Event: 3.087 Thread 0x0000000002c50800 Threw 0x00000000e0fe73f0 at C:\re\jdk7u45\229\hotspot\src\share\vm\prims\jni.cpp:717
Event: 3.108 Thread 0x0000000002c50800 Threw 0x00000000e1275678 at C:\re\jdk7u45\229\hotspot\src\share\vm\prims\jni.cpp:717
Event: 3.119 Thread 0x0000000002c50800 Threw 0x00000000e12858c8 at C:\re\jdk7u45\229\hotspot\src\share\vm\prims\jni.cpp:717
Event: 3.144 Thread 0x0000000002c50800 Threw 0x00000000e129b880 at C:\re\jdk7u45\229\hotspot\src\share\vm\prims\jni.cpp:717
Event: 3.160 Thread 0x0000000002c50800 Threw 0x00000000e12aae68 at C:\re\jdk7u45\229\hotspot\src\share\vm\prims\jvm.cpp:1244
Event: 4.851 Thread 0x000000000b865000 Implicit null exception at 0x0000000002e150ce to 0x0000000002e15c0d
Event: 4.881 Thread 0x000000000b865000 Implicit null exception at 0x0000000002ded275 to 0x0000000002ded2c1
Event: 4.882 Thread 0x000000000b865000 Implicit null exception at 0x0000000002dedaff to 0x0000000002dedb5d
Event: 5.585 Thread 0x000000000b865000 Implicit null exception at 0x0000000002e2b898 to 0x0000000002e2bcd9
Event: 5.591 Thread 0x000000000b865000 Implicit null exception at 0x0000000002e2aacc to 0x0000000002e2ab1a

Events (10 events):
Event: 11.478 loading class 0x000000000b785580 done
Event: 11.478 loading class 0x0000000009dbaa80 done
Event: 11.741 loading class 0x000000000b8313a0
Event: 11.742 loading class 0x000000000b739df0
Event: 11.742 loading class 0x000000000b739df0 done
Event: 11.742 loading class 0x000000000b8313a0 done
Event: 12.501 Executing VM operation: ParallelGCFailedAllocation
Event: 12.501 Executing VM operation: ParallelGCFailedAllocation done
Event: 12.501 Executing VM operation: ParallelGCSystemGC
Event: 12.523 Executing VM operation: ParallelGCSystemGC done


Dynamic libraries:
0x00007ff76b260000 - 0x00007ff76b293000 	C:\WINDOWS\system32\java.exe
0x00007fff028c0000 - 0x00007fff02a6a000 	C:\WINDOWS\SYSTEM32\ntdll.dll
0x00007fff01240000 - 0x00007fff0137a000 	C:\WINDOWS\system32\KERNEL32.DLL
0x00007fff00030000 - 0x00007fff0013f000 	C:\WINDOWS\system32\KERNELBASE.dll
0x00007ffefe480000 - 0x00007ffefe508000 	C:\WINDOWS\system32\apphelp.dll
0x00007ffef3ed0000 - 0x00007ffef3f1f000 	C:\WINDOWS\AppPatch\AppPatch64\AcGenral.DLL
0x00007fff00550000 - 0x00007fff005f7000 	C:\WINDOWS\system32\msvcrt.dll
0x00007ffeffa10000 - 0x00007ffeffa3b000 	C:\WINDOWS\system32\SspiCli.dll
0x00007fff02860000 - 0x00007fff028b1000 	C:\WINDOWS\system32\SHLWAPI.dll
0x00007fff00140000 - 0x00007fff002b1000 	C:\WINDOWS\system32\USER32.dll
0x00007fff00780000 - 0x00007fff008f8000 	C:\WINDOWS\system32\ole32.dll
0x00007fff01380000 - 0x00007fff02796000 	C:\WINDOWS\system32\SHELL32.dll
0x00007ffeff2a0000 - 0x00007ffeff2be000 	C:\WINDOWS\system32\USERENV.dll
0x00007fff004a0000 - 0x00007fff00545000 	C:\WINDOWS\system32\ADVAPI32.dll
0x00007ffefdc40000 - 0x00007ffefdc5b000 	C:\WINDOWS\system32\MPR.dll
0x00007fff00cd0000 - 0x00007fff00e06000 	C:\WINDOWS\system32\RPCRT4.dll
0x00007fff00c70000 - 0x00007fff00cc7000 	C:\WINDOWS\SYSTEM32\sechost.dll
0x00007fff002c0000 - 0x00007fff00496000 	C:\WINDOWS\SYSTEM32\combase.dll
0x00007fff00610000 - 0x00007fff00755000 	C:\WINDOWS\system32\GDI32.dll
0x00007ffeffc30000 - 0x00007ffeffc44000 	C:\WINDOWS\system32\profapi.dll
0x00007ffefcb70000 - 0x00007ffefcc0f000 	C:\WINDOWS\system32\SHCORE.dll
0x00007fff009c0000 - 0x00007fff009f4000 	C:\WINDOWS\system32\IMM32.DLL
0x00007fff00eb0000 - 0x00007fff00fe9000 	C:\WINDOWS\system32\MSCTF.dll
0x00007ffefb7b0000 - 0x00007ffefba0a000 	C:\WINDOWS\WinSxS\amd64_microsoft.windows.common-controls_6595b64144ccf1df_6.0.9600.17031_none_6242a4b3ecbb55a1\COMCTL32.dll
0x0000000060f40000 - 0x0000000061012000 	C:\Program Files\Java\jre7\bin\msvcr100.dll
0x0000000060770000 - 0x0000000060f39000 	C:\Program Files\Java\jre7\bin\server\jvm.dll
0x00007ffeeb370000 - 0x00007ffeeb379000 	C:\WINDOWS\system32\WSOCK32.dll
0x00007ffefbc30000 - 0x00007ffefbc4f000 	C:\WINDOWS\system32\WINMM.dll
0x00007fff027a0000 - 0x00007fff027a7000 	C:\WINDOWS\system32\PSAPI.DLL
0x00007fff00960000 - 0x00007fff009b8000 	C:\WINDOWS\system32\WS2_32.dll
0x00007ffefbc00000 - 0x00007ffefbc2a000 	C:\WINDOWS\system32\WINMMBASE.dll
0x00007fff00ac0000 - 0x00007fff00ac9000 	C:\WINDOWS\system32\NSI.dll
0x00007ffeffe00000 - 0x00007ffeffe4a000 	C:\WINDOWS\SYSTEM32\cfgmgr32.dll
0x00007ffefead0000 - 0x00007ffefeaf6000 	C:\WINDOWS\system32\DEVOBJ.dll
0x0000000060760000 - 0x000000006076f000 	C:\Program Files\Java\jre7\bin\verify.dll
0x0000000060730000 - 0x0000000060758000 	C:\Program Files\Java\jre7\bin\java.dll
0x0000000060710000 - 0x0000000060725000 	C:\Program Files\Java\jre7\bin\zip.dll
0x0000000060530000 - 0x00000000606c5000 	C:\Program Files\Java\jre7\bin\awt.dll
0x00007fff00a00000 - 0x00007fff00ab7000 	C:\WINDOWS\system32\OLEAUT32.dll
0x00007ffefc9a0000 - 0x00007ffefc9c0000 	C:\WINDOWS\system32\DWMAPI.DLL
0x00007ffefe920000 - 0x00007ffefea41000 	C:\WINDOWS\system32\uxtheme.dll
0x00007ffefeb00000 - 0x00007ffefeb0a000 	C:\WINDOWS\SYSTEM32\kernel.appcore.dll
0x00007ffeffaa0000 - 0x00007ffeffaaa000 	C:\WINDOWS\system32\CRYPTBASE.dll
0x00007ffeffa40000 - 0x00007ffeffaa0000 	C:\WINDOWS\system32\bcryptPrimitives.dll
0x00000000604e0000 - 0x0000000060526000 	C:\Program Files\Java\jre7\bin\fontmanager.dll
0x00000000606f0000 - 0x0000000060709000 	C:\Program Files\Java\jre7\bin\net.dll
0x00007ffeff590000 - 0x00007ffeff5e8000 	C:\WINDOWS\system32\mswsock.dll
0x00000000606d0000 - 0x00000000606e1000 	C:\Program Files\Java\jre7\bin\nio.dll
0x0000000060490000 - 0x00000000604d1000 	C:\Program Files\Java\jre7\bin\t2k.dll
0x00007fff027b0000 - 0x00007fff02854000 	C:\WINDOWS\SYSTEM32\clbcatq.dll
0x00007ffefcfe0000 - 0x00007ffefd173000 	C:\WINDOWS\system32\WindowsCodecs.dll
0x00007ffeff5f0000 - 0x00007ffeff60e000 	C:\WINDOWS\system32\CRYPTSP.dll
0x00007ffeff0c0000 - 0x00007ffeff0f5000 	C:\WINDOWS\system32\rsaenh.dll
0x00007ffeff720000 - 0x00007ffeff746000 	C:\WINDOWS\system32\bcrypt.dll
0x00007ffeee3b0000 - 0x00007ffeee3c1000 	C:\Windows\xboxcontroller64.dll
0x00007ffefd610000 - 0x00007ffefd618000 	C:\WINDOWS\system32\XINPUT9_1_0.dll
0x0000000062400000 - 0x0000000062498000 	C:\WINDOWS\system32\MSVCP100.dll
0x00007ffefabb0000 - 0x00007ffefabbd000 	C:\WINDOWS\SYSTEM32\XInput1_4.dll
0x0000000180000000 - 0x0000000180025000 	C:\Windows\rxtxSerial.dll
0x00007ffefe0b0000 - 0x00007ffefe238000 	C:\WINDOWS\system32\dbghelp.dll

VM Arguments:
java_command: BaseStation.jar
Launcher Type: SUN_STANDARD

Environment Variables:
CLASSPATH=C:\Program Files\Java\jdk1.7.0_45\bin
PATH=c:\Program Files (x86)\Intel\iCLS Client\;c:\Program Files\Intel\iCLS Client\;C:\WINDOWS\system32;C:\WINDOWS;C:\WINDOWS\System32\Wbem;C:\WINDOWS\System32\WindowsPowerShell\v1.0\;C:\Program Files\Intel\Intel(R) Management Engine Components\DAL;C:\Program Files\Intel\Intel(R) Management Engine Components\IPT;C:\Program Files (x86)\Intel\Intel(R) Management Engine Components\DAL;C:\Program Files (x86)\Intel\Intel(R) Management Engine Components\IPT;C:\Program Files (x86)\Windows Live\Shared;C:\Program Files (x86)\QuickTime\QTSystem\;C:\Program Files (x86)\Windows Kits\8.0\Windows Performance Toolkit\;C:\Program Files\Microsoft SQL Server\110\Tools\Binn\;C:\Program Files\Java\jdk1.7.0_45\bin;C:\Program Files (x86)\KDiff3
USERNAME=Dallin
OS=Windows_NT
PROCESSOR_IDENTIFIER=Intel64 Family 6 Model 58 Stepping 9, GenuineIntel



---------------  S Y S T E M  ---------------

OS: Windows 8 , 64 bit Build 9200 

CPU:total 4 (2 cores per cpu, 2 threads per core) family 6 model 58 stepping 9, cmov, cx8, fxsr, mmx, sse, sse2, sse3, ssse3, sse4.1, sse4.2, popcnt, avx, erms, ht, tsc, tscinvbit, tscinv

Memory: 4k page, physical 6161688k(2999356k free), swap 8193304k(4110896k free)

vm_info: Java HotSpot(TM) 64-Bit Server VM (24.45-b08) for windows-amd64 JRE (1.7.0_45-b18), built on Oct  8 2013 05:47:22 by "java_re" with unknown MS VC++:1600

time: Mon May 26 15:06:00 2014
elapsed time: 12 seconds

