#
# A fatal error has been detected by the Java Runtime Environment:
#
#  EXCEPTION_ACCESS_VIOLATION (0xc0000005) at pc=0x00007ffeeef16006, pid=1388, tid=6396
#
# JRE version: Java(TM) SE Runtime Environment (7.0_45-b18) (build 1.7.0_45-b18)
# Java VM: Java HotSpot(TM) 64-Bit Server VM (24.45-b08 mixed mode windows-amd64 compressed oops)
# Problematic frame:
# C  [xboxcontroller64.dll+0x6006]
#
# Failed to write core dump. Minidumps are not enabled by default on client versions of Windows
#
# If you would like to submit a bug report, please visit:
#   http://bugreport.sun.com/bugreport/crash.jsp
# The crash happened outside the Java Virtual Machine in native code.
# See problematic frame for where to report the bug.
#

---------------  T H R E A D  ---------------

Current thread (0x000000000b022800):  JavaThread "AWT-EventQueue-0" [_thread_in_native, id=6396, stack(0x000000000bba0000,0x000000000bca0000)]

siginfo: ExceptionCode=0xc0000005, reading address 0x0000000000000696

Registers:
RAX=0x000000000b0e15d0, RBX=0x0000000000000009, RCX=0x00000000024d09e8, RDX=0x0000000009505240
RSP=0x000000000bc9dcc0, RBP=0x00000000000003e8, RSI=0x0000000000000009, RDI=0x00000000024cc7e0
R8 =0x0000000000000000, R9 =0x0000000000000009, R10=0x0000000000000006, R11=0x000000006094f900
R12=0x0000000000000000, R13=0x000000009d50e170, R14=0x000000000bc9ddd0, R15=0x000000000b022800
RIP=0x00007ffeeef16006, EFLAGS=0x0000000000010246

Top of Stack: (sp=0x000000000bc9dcc0)
0x000000000bc9dcc0:   00000000025d6274 00000000025e3958
0x000000000bc9dcd0:   0000000009543a00 000000000b022800
0x000000000bc9dce0:   000000000b0e15d0 0000000009545a00
0x000000000bc9dcf0:   00000000025d6274 00000000025e3acf
0x000000000bc9dd00:   000000000bc9dd98 000000009d50e170
0x000000000bc9dd10:   000000009d362f00 0000000000000000
0x000000000bc9dd20:   0000000000000000 000000000b022800
0x000000000bc9dd30:   000000000bc9de30 00000000025ee103
0x000000000bc9dd40:   00000000025d5410 0000000000000031
0x000000000bc9dd50:   00000000e3e8a198 000000000bc9dd48
0x000000000bc9dd60:   000000009d50e170 000000000bc9ddd0
0x000000000bc9dd70:   000000009d513318 0000000000000000
0x000000000bc9dd80:   000000009d50e170 0000000000000000
0x000000000bc9dd90:   000000000bc9ddb8 000000000bc9de18
0x000000000bc9dda0:   00000000025d6274 0000000000000000
0x000000000bc9ddb0:   00000000025df0d6 0000000000000009 

Instructions: (pc=0x00007ffeeef16006)
0x00007ffeeef15fe6:   48 63 57 68 48 8b 47 30 3b de 48 8d 14 50 0f 4c
0x00007ffeeef15ff6:   f3 45 33 c0 48 89 54 24 20 48 8b 57 10 44 8b ce
0x00007ffeeef16006:   41 ff 92 90 06 00 00 01 77 68 8b 47 68 3b 47 5c
0x00007ffeeef16016:   75 05 33 c0 89 47 68 29 77 6c 8b c6 48 8b 6c 24 


Register to memory mapping:

RAX=0x000000000b0e15d0 is an unknown value
RBX=0x0000000000000009 is an unknown value
RCX=0x00000000024d09e8 is an unknown value
RDX=0x0000000009505240 is a global jni handle
RSP=0x000000000bc9dcc0 is pointing into the stack for thread: 0x000000000b022800
RBP=0x00000000000003e8 is an unknown value
RSI=0x0000000000000009 is an unknown value
RDI=0x00000000024cc7e0 is an unknown value
R8 =0x0000000000000000 is an unknown value
R9 =0x0000000000000009 is an unknown value
R10=0x0000000000000006 is an unknown value
R11=0x000000006094f900 is an unknown value
R12=0x0000000000000000 is an unknown value
R13=0x000000009d50e170 is an oop
{method} 
 - klass: {other class}
R14=0x000000000bc9ddd0 is pointing into the stack for thread: 0x000000000b022800
R15=0x000000000b022800 is a thread


Stack: [0x000000000bba0000,0x000000000bca0000],  sp=0x000000000bc9dcc0,  free space=1015k
Native frames: (J=compiled Java code, j=interpreted, Vv=VM code, C=native code)
C  [xboxcontroller64.dll+0x6006]

[error occurred during error reporting (printing native stack), id 0xc0000005]

Java frames: (J=compiled Java code, j=interpreted, Vv=VM code)
j  ch.aplu.jaw.NativeHandler.nativeReadBuf(JI)I+0
j  ch.aplu.jaw.NativeHandler.readBuf(I)I+33
j  ch.aplu.xboxcontroller.XboxController.readData()Lch/aplu/xboxcontroller/ControllerState;+15
j  ch.aplu.xboxcontroller.XboxController.access$000(Lch/aplu/xboxcontroller/XboxController;)Lch/aplu/xboxcontroller/ControllerState;+1
j  ch.aplu.xboxcontroller.XboxController$1.actionPerformed(Ljava/awt/event/ActionEvent;)V+4
j  javax.swing.Timer.fireActionPerformed(Ljava/awt/event/ActionEvent;)V+35
j  javax.swing.Timer$DoPostEvent.run()V+74
j  java.awt.event.InvocationEvent.dispatch()V+47
j  java.awt.EventQueue.dispatchEventImpl(Ljava/awt/AWTEvent;Ljava/lang/Object;)V+21
j  java.awt.EventQueue.access$200(Ljava/awt/EventQueue;Ljava/awt/AWTEvent;Ljava/lang/Object;)V+3
j  java.awt.EventQueue$3.run()Ljava/lang/Void;+12
j  java.awt.EventQueue$3.run()Ljava/lang/Object;+1
v  ~StubRoutines::call_stub
J  java.security.AccessController.doPrivileged(Ljava/security/PrivilegedAction;Ljava/security/AccessControlContext;)Ljava/lang/Object;
j  java.security.ProtectionDomain$1.doIntersectionPrivilege(Ljava/security/PrivilegedAction;Ljava/security/AccessControlContext;Ljava/security/AccessControlContext;)Ljava/lang/Object;+28
j  java.awt.EventQueue.dispatchEvent(Ljava/awt/AWTEvent;)V+46
j  java.awt.EventDispatchThread.pumpOneEventForFilters(I)V+245
j  java.awt.EventDispatchThread.pumpEventsForFilter(ILjava/awt/Conditional;Ljava/awt/EventFilter;)V+35
j  java.awt.EventDispatchThread.pumpEventsForHierarchy(ILjava/awt/Conditional;Ljava/awt/Component;)V+11
j  java.awt.EventDispatchThread.pumpEvents(ILjava/awt/Conditional;)V+4
j  java.awt.EventDispatchThread.pumpEvents(Ljava/awt/Conditional;)V+3
j  java.awt.EventDispatchThread.run()V+9
v  ~StubRoutines::call_stub

---------------  P R O C E S S  ---------------

Java Threads: ( => current thread )
  0x000000000cca4800 JavaThread "DestroyJavaVM" [_thread_blocked, id=6584, stack(0x00000000022d0000,0x00000000023d0000)]
  0x000000000b286800 JavaThread "Display" [_thread_in_Java, id=3540, stack(0x000000000d570000,0x000000000d670000)]
  0x000000000b18c000 JavaThread "Puppet Serial Input Thread" [_thread_blocked, id=6236, stack(0x000000000d470000,0x000000000d570000)]
  0x000000000b18b000 JavaThread "UDP Broadcast Thread" [_thread_blocked, id=7156, stack(0x000000000cb00000,0x000000000cc00000)]
  0x000000000b13b800 JavaThread "Rover Input Thread" [_thread_in_native, id=4028, stack(0x000000000ca00000,0x000000000cb00000)]
  0x000000000b13b000 JavaThread "TimerQueue" daemon [_thread_blocked, id=8100, stack(0x000000000c900000,0x000000000ca00000)]
  0x000000000b0dd000 JavaThread "Thread-2" [_thread_in_native, id=4404, stack(0x000000000c4f0000,0x000000000c5f0000)]
=>0x000000000b022800 JavaThread "AWT-EventQueue-0" [_thread_in_native, id=6396, stack(0x000000000bba0000,0x000000000bca0000)]
  0x00000000095ad800 JavaThread "AWT-Windows" daemon [_thread_in_native, id=7200, stack(0x000000000b690000,0x000000000b790000)]
  0x000000000af70000 JavaThread "AWT-Shutdown" [_thread_blocked, id=6528, stack(0x000000000b590000,0x000000000b690000)]
  0x00000000095ac800 JavaThread "Java2D Disposer" daemon [_thread_blocked, id=5284, stack(0x000000000b490000,0x000000000b590000)]
  0x0000000009547800 JavaThread "Service Thread" daemon [_thread_blocked, id=7204, stack(0x000000000aca0000,0x000000000ada0000)]
  0x0000000009535000 JavaThread "C2 CompilerThread1" daemon [_thread_in_native, id=7596, stack(0x000000000aba0000,0x000000000aca0000)]
  0x0000000009533000 JavaThread "C2 CompilerThread0" daemon [_thread_in_native, id=5468, stack(0x000000000aaa0000,0x000000000aba0000)]
  0x0000000009531800 JavaThread "Attach Listener" daemon [_thread_blocked, id=6984, stack(0x000000000a9a0000,0x000000000aaa0000)]
  0x000000000952e800 JavaThread "Signal Dispatcher" daemon [_thread_blocked, id=5716, stack(0x000000000a8a0000,0x000000000a9a0000)]
  0x00000000094fa800 JavaThread "Finalizer" daemon [_thread_blocked, id=1812, stack(0x000000000a7a0000,0x000000000a8a0000)]
  0x00000000094f0800 JavaThread "Reference Handler" daemon [_thread_blocked, id=6968, stack(0x000000000a6a0000,0x000000000a7a0000)]

Other Threads:
  0x00000000094ef000 VMThread [stack: 0x000000000a5a0000,0x000000000a6a0000] [id=7324]
  0x0000000009560000 WatcherThread [stack: 0x000000000ada0000,0x000000000aea0000] [id=5940]

VM state:not at safepoint (normal execution)

VM Mutex/Monitor currently owned by a thread: None

Heap
 PSYoungGen      total 53760K, used 41629K [0x00000000e0a00000, 0x00000000e4200000, 0x0000000100000000)
  eden space 50176K, 76% used [0x00000000e0a00000,0x00000000e2f8a8a0,0x00000000e3b00000)
  from space 3584K, 88% used [0x00000000e3e80000,0x00000000e419cd10,0x00000000e4200000)
  to   space 3584K, 0% used [0x00000000e3b00000,0x00000000e3b00000,0x00000000e3e80000)
 ParOldGen       total 64000K, used 48K [0x00000000a1e00000, 0x00000000a5c80000, 0x00000000e0a00000)
  object space 64000K, 0% used [0x00000000a1e00000,0x00000000a1e0c000,0x00000000a5c80000)
 PSPermGen       total 21504K, used 11343K [0x000000009cc00000, 0x000000009e100000, 0x00000000a1e00000)
  object space 21504K, 52% used [0x000000009cc00000,0x000000009d713dd0,0x000000009e100000)

Card table byte_map: [0x00000000055d0000,0x00000000058f0000] byte_map_base: 0x00000000050ea000

Polling page: 0x0000000000970000

Code Cache  [0x00000000025d0000, 0x0000000002840000, 0x00000000055d0000)
 total_blobs=960 nmethods=531 adapters=381 free_code_cache=47443Kb largest_free_block=48530624

Compilation events (10 events):
Event: 12.393 Thread 0x0000000009535000 nmethod 530 0x0000000002775850 code [0x00000000027759c0, 0x0000000002775b40]
Event: 12.393 Thread 0x0000000009535000  532   !         java.awt.Component::setFont (116 bytes)
Event: 12.399 Thread 0x0000000009533000 nmethod 531 0x0000000002775d90 code [0x0000000002775f00, 0x0000000002776098]
Event: 12.399 Thread 0x0000000009533000  533             javax.swing.table.DefaultTableCellRenderer::revalidate (1 bytes)
Event: 12.400 Thread 0x0000000009533000 nmethod 533 0x000000000276abd0 code [0x000000000276ad00, 0x000000000276ad58]
Event: 12.400 Thread 0x0000000009533000  534   !         sun.swing.SwingUtilities2::drawString (389 bytes)
Event: 12.413 Thread 0x0000000009535000 nmethod 532 0x000000000276b910 code [0x000000000276baa0, 0x000000000276c1b8]
Event: 12.414 Thread 0x0000000009535000  535   !         sun.java2d.SunGraphics2D::drawString (132 bytes)
Event: 12.531 Thread 0x0000000009535000 nmethod 535 0x000000000277aa90 code [0x000000000277ad20, 0x000000000277bfd8]
Event: 12.531 Thread 0x0000000009535000  536             sun.java2d.pipe.ValidatePipe::drawString (23 bytes)

GC Heap History (10 events):
Event: 8.594 GC heap before
{Heap before GC invocations=2 (full 0):
 PSYoungGen      total 28672K, used 28467K [0x00000000e0a00000, 0x00000000e2980000, 0x0000000100000000)
  eden space 25088K, 100% used [0x00000000e0a00000,0x00000000e2280000,0x00000000e2280000)
  from space 3584K, 94% used [0x00000000e2280000,0x00000000e25ccd30,0x00000000e2600000)
  to   space 3584K, 0% used [0x00000000e2600000,0x00000000e2600000,0x00000000e2980000)
 ParOldGen       total 64000K, used 8K [0x00000000a1e00000, 0x00000000a5c80000, 0x00000000e0a00000)
  object space 64000K, 0% used [0x00000000a1e00000,0x00000000a1e02000,0x00000000a5c80000)
 PSPermGen       total 21504K, used 11253K [0x000000009cc00000, 0x000000009e100000, 0x00000000a1e00000)
  object space 21504K, 52% used [0x000000009cc00000,0x000000009d6fd530,0x000000009e100000)
Event: 8.613 GC heap after
Heap after GC invocations=2 (full 0):
 PSYoungGen      total 28672K, used 3219K [0x00000000e0a00000, 0x00000000e2980000, 0x0000000100000000)
  eden space 25088K, 0% used [0x00000000e0a00000,0x00000000e0a00000,0x00000000e2280000)
  from space 3584K, 89% used [0x00000000e2600000,0x00000000e2924d10,0x00000000e2980000)
  to   space 3584K, 0% used [0x00000000e2280000,0x00000000e2280000,0x00000000e2600000)
 ParOldGen       total 64000K, used 16K [0x00000000a1e00000, 0x00000000a5c80000, 0x00000000e0a00000)
  object space 64000K, 0% used [0x00000000a1e00000,0x00000000a1e04000,0x00000000a5c80000)
 PSPermGen       total 21504K, used 11253K [0x000000009cc00000, 0x000000009e100000, 0x00000000a1e00000)
  object space 21504K, 52% used [0x000000009cc00000,0x000000009d6fd530,0x000000009e100000)
}
Event: 9.374 GC heap before
{Heap before GC invocations=3 (full 0):
 PSYoungGen      total 28672K, used 28307K [0x00000000e0a00000, 0x00000000e2980000, 0x0000000100000000)
  eden space 25088K, 100% used [0x00000000e0a00000,0x00000000e2280000,0x00000000e2280000)
  from space 3584K, 89% used [0x00000000e2600000,0x00000000e2924d10,0x00000000e2980000)
  to   space 3584K, 0% used [0x00000000e2280000,0x00000000e2280000,0x00000000e2600000)
 ParOldGen       total 64000K, used 16K [0x00000000a1e00000, 0x00000000a5c80000, 0x00000000e0a00000)
  object space 64000K, 0% used [0x00000000a1e00000,0x00000000a1e04000,0x00000000a5c80000)
 PSPermGen       total 21504K, used 11266K [0x000000009cc00000, 0x000000009e100000, 0x00000000a1e00000)
  object space 21504K, 52% used [0x000000009cc00000,0x000000009d700aa0,0x000000009e100000)
Event: 9.388 GC heap after
Heap after GC invocations=3 (full 0):
 PSYoungGen      total 28672K, used 3187K [0x00000000e0a00000, 0x00000000e2980000, 0x0000000100000000)
  eden space 25088K, 0% used [0x00000000e0a00000,0x00000000e0a00000,0x00000000e2280000)
  from space 3584K, 88% used [0x00000000e2280000,0x00000000e259cd10,0x00000000e2600000)
  to   space 3584K, 0% used [0x00000000e2600000,0x00000000e2600000,0x00000000e2980000)
 ParOldGen       total 64000K, used 24K [0x00000000a1e00000, 0x00000000a5c80000, 0x00000000e0a00000)
  object space 64000K, 0% used [0x00000000a1e00000,0x00000000a1e06000,0x00000000a5c80000)
 PSPermGen       total 21504K, used 11266K [0x000000009cc00000, 0x000000009e100000, 0x00000000a1e00000)
  object space 21504K, 52% used [0x000000009cc00000,0x000000009d700aa0,0x000000009e100000)
}
Event: 10.018 GC heap before
{Heap before GC invocations=4 (full 0):
 PSYoungGen      total 28672K, used 28275K [0x00000000e0a00000, 0x00000000e2980000, 0x0000000100000000)
  eden space 25088K, 100% used [0x00000000e0a00000,0x00000000e2280000,0x00000000e2280000)
  from space 3584K, 88% used [0x00000000e2280000,0x00000000e259cd10,0x00000000e2600000)
  to   space 3584K, 0% used [0x00000000e2600000,0x00000000e2600000,0x00000000e2980000)
 ParOldGen       total 64000K, used 24K [0x00000000a1e00000, 0x00000000a5c80000, 0x00000000e0a00000)
  object space 64000K, 0% used [0x00000000a1e00000,0x00000000a1e06000,0x00000000a5c80000)
 PSPermGen       total 21504K, used 11271K [0x000000009cc00000, 0x000000009e100000, 0x00000000a1e00000)
  object space 21504K, 52% used [0x000000009cc00000,0x000000009d701d78,0x000000009e100000)
Event: 10.031 GC heap after
Heap after GC invocations=4 (full 0):
 PSYoungGen      total 28672K, used 3187K [0x00000000e0a00000, 0x00000000e4200000, 0x0000000100000000)
  eden space 25088K, 0% used [0x00000000e0a00000,0x00000000e0a00000,0x00000000e2280000)
  from space 3584K, 88% used [0x00000000e2600000,0x00000000e291cd10,0x00000000e2980000)
  to   space 3584K, 0% used [0x00000000e2280000,0x00000000e2280000,0x00000000e2600000)
 ParOldGen       total 64000K, used 32K [0x00000000a1e00000, 0x00000000a5c80000, 0x00000000e0a00000)
  object space 64000K, 0% used [0x00000000a1e00000,0x00000000a1e08000,0x00000000a5c80000)
 PSPermGen       total 21504K, used 11271K [0x000000009cc00000, 0x000000009e100000, 0x00000000a1e00000)
  object space 21504K, 52% used [0x000000009cc00000,0x000000009d701d78,0x000000009e100000)
}
Event: 10.806 GC heap before
{Heap before GC invocations=5 (full 0):
 PSYoungGen      total 28672K, used 28275K [0x00000000e0a00000, 0x00000000e4200000, 0x0000000100000000)
  eden space 25088K, 100% used [0x00000000e0a00000,0x00000000e2280000,0x00000000e2280000)
  from space 3584K, 88% used [0x00000000e2600000,0x00000000e291cd10,0x00000000e2980000)
  to   space 3584K, 0% used [0x00000000e2280000,0x00000000e2280000,0x00000000e2600000)
 ParOldGen       total 64000K, used 32K [0x00000000a1e00000, 0x00000000a5c80000, 0x00000000e0a00000)
  object space 64000K, 0% used [0x00000000a1e00000,0x00000000a1e08000,0x00000000a5c80000)
 PSPermGen       total 21504K, used 11284K [0x000000009cc00000, 0x000000009e100000, 0x00000000a1e00000)
  object space 21504K, 52% used [0x000000009cc00000,0x000000009d705168,0x000000009e100000)
Event: 10.820 GC heap after
Heap after GC invocations=5 (full 0):
 PSYoungGen      total 28672K, used 3219K [0x00000000e0a00000, 0x00000000e4200000, 0x0000000100000000)
  eden space 25088K, 0% used [0x00000000e0a00000,0x00000000e0a00000,0x00000000e2280000)
  from space 3584K, 89% used [0x00000000e2280000,0x00000000e25a4d10,0x00000000e2600000)
  to   space 3584K, 0% used [0x00000000e3e80000,0x00000000e3e80000,0x00000000e4200000)
 ParOldGen       total 64000K, used 40K [0x00000000a1e00000, 0x00000000a5c80000, 0x00000000e0a00000)
  object space 64000K, 0% used [0x00000000a1e00000,0x00000000a1e0a000,0x00000000a5c80000)
 PSPermGen       total 21504K, used 11284K [0x000000009cc00000, 0x000000009e100000, 0x00000000a1e00000)
  object space 21504K, 52% used [0x000000009cc00000,0x000000009d705168,0x000000009e100000)
}
Event: 11.571 GC heap before
{Heap before GC invocations=6 (full 0):
 PSYoungGen      total 28672K, used 28307K [0x00000000e0a00000, 0x00000000e4200000, 0x0000000100000000)
  eden space 25088K, 100% used [0x00000000e0a00000,0x00000000e2280000,0x00000000e2280000)
  from space 3584K, 89% used [0x00000000e2280000,0x00000000e25a4d10,0x00000000e2600000)
  to   space 3584K, 0% used [0x00000000e3e80000,0x00000000e3e80000,0x00000000e4200000)
 ParOldGen       total 64000K, used 40K [0x00000000a1e00000, 0x00000000a5c80000, 0x00000000e0a00000)
  object space 64000K, 0% used [0x00000000a1e00000,0x00000000a1e0a000,0x00000000a5c80000)
 PSPermGen       total 21504K, used 11323K [0x000000009cc00000, 0x000000009e100000, 0x00000000a1e00000)
  object space 21504K, 52% used [0x000000009cc00000,0x000000009d70ed50,0x000000009e100000)
Event: 11.587 GC heap after
Heap after GC invocations=6 (full 0):
 PSYoungGen      total 53760K, used 3187K [0x00000000e0a00000, 0x00000000e4200000, 0x0000000100000000)
  eden space 50176K, 0% used [0x00000000e0a00000,0x00000000e0a00000,0x00000000e3b00000)
  from space 3584K, 88% used [0x00000000e3e80000,0x00000000e419cd10,0x00000000e4200000)
  to   space 3584K, 0% used [0x00000000e3b00000,0x00000000e3b00000,0x00000000e3e80000)
 ParOldGen       total 64000K, used 48K [0x00000000a1e00000, 0x00000000a5c80000, 0x00000000e0a00000)
  object space 64000K, 0% used [0x00000000a1e00000,0x00000000a1e0c000,0x00000000a5c80000)
 PSPermGen       total 21504K, used 11323K [0x000000009cc00000, 0x000000009e100000, 0x00000000a1e00000)
  object space 21504K, 52% used [0x000000009cc00000,0x000000009d70ed50,0x000000009e100000)
}

Deoptimization events (10 events):
Event: 6.981 Thread 0x000000000b022800 Uncommon trap: reason=class_check action=maybe_recompile pc=0x00000000026b3f0c method=javax.swing.JComponent.getInsets()Ljava/awt/Insets; @ 12
Event: 6.982 Thread 0x000000000b022800 Uncommon trap: reason=class_check action=maybe_recompile pc=0x00000000026b3f0c method=javax.swing.JComponent.getInsets()Ljava/awt/Insets; @ 12
Event: 6.982 Thread 0x000000000b022800 Uncommon trap: reason=class_check action=maybe_recompile pc=0x00000000026d9508 method=java.awt.Component.reshape(IIII)V @ 138
Event: 6.994 Thread 0x000000000b022800 Uncommon trap: reason=class_check action=maybe_recompile pc=0x00000000026b3f0c method=javax.swing.JComponent.getInsets()Ljava/awt/Insets; @ 12
Event: 6.994 Thread 0x000000000b022800 Uncommon trap: reason=class_check action=maybe_recompile pc=0x00000000026b3f0c method=javax.swing.JComponent.getInsets()Ljava/awt/Insets; @ 12
Event: 6.995 Thread 0x000000000b022800 Uncommon trap: reason=unreached action=reinterpret pc=0x00000000026abd30 method=java.awt.Component.areBoundsValid()Z @ 6
Event: 7.008 Thread 0x000000000b022800 Uncommon trap: reason=unreached action=reinterpret pc=0x00000000026a9768 method=java.awt.Component.areBoundsValid()Z @ 6
Event: 7.611 Thread 0x000000000b022800 Uncommon trap: reason=unreached action=reinterpret pc=0x0000000002693c48 method=java.awt.Component.getForeground()Ljava/awt/Color; @ 6
Event: 7.611 Thread 0x000000000b022800 Uncommon trap: reason=unreached action=reinterpret pc=0x0000000002697908 method=java.awt.Component.getBackground()Ljava/awt/Color; @ 6
Event: 7.615 Thread 0x000000000b022800 Uncommon trap: reason=class_check action=maybe_recompile pc=0x00000000026ba9f8 method=javax.swing.JComponent.getInsets()Ljava/awt/Insets; @ 12

Internal exceptions (10 events):
Event: 3.010 Thread 0x00000000024d0800 Threw 0x00000000e0fe8f48 at C:\re\jdk7u45\229\hotspot\src\share\vm\prims\jni.cpp:717
Event: 3.030 Thread 0x00000000024d0800 Threw 0x00000000e12772e0 at C:\re\jdk7u45\229\hotspot\src\share\vm\prims\jni.cpp:717
Event: 3.039 Thread 0x00000000024d0800 Threw 0x00000000e1287530 at C:\re\jdk7u45\229\hotspot\src\share\vm\prims\jni.cpp:717
Event: 3.065 Thread 0x00000000024d0800 Threw 0x00000000e129d4e8 at C:\re\jdk7u45\229\hotspot\src\share\vm\prims\jni.cpp:717
Event: 3.075 Thread 0x00000000024d0800 Threw 0x00000000e12acad0 at C:\re\jdk7u45\229\hotspot\src\share\vm\prims\jvm.cpp:1244
Event: 4.789 Thread 0x000000000b022800 Implicit null exception at 0x0000000002694f0e to 0x0000000002695a4d
Event: 5.157 Thread 0x000000000b022800 Implicit null exception at 0x0000000002670375 to 0x00000000026703c1
Event: 5.157 Thread 0x000000000b022800 Implicit null exception at 0x000000000267093f to 0x000000000267099d
Event: 6.995 Thread 0x000000000b022800 Implicit null exception at 0x00000000026ab8d8 to 0x00000000026abd19
Event: 7.008 Thread 0x000000000b022800 Implicit null exception at 0x00000000026a970c to 0x00000000026a975a

Events (10 events):
Event: 11.129 Thread 0x0000000009533000 flushing nmethod 0x0000000002697790
Event: 11.165 Thread 0x0000000009533000 flushing nmethod 0x00000000026ba5d0
Event: 11.500 loading class 0x000000000251e300
Event: 11.501 loading class 0x000000000251e300 done
Event: 11.570 Executing VM operation: ParallelGCFailedAllocation
Event: 11.587 Executing VM operation: ParallelGCFailedAllocation done
Event: 12.047 loading class 0x000000000afceec0
Event: 12.047 loading class 0x000000000aef9df0
Event: 12.047 loading class 0x000000000aef9df0 done
Event: 12.047 loading class 0x000000000afceec0 done


Dynamic libraries:
0x00007ff76b260000 - 0x00007ff76b293000 	C:\WINDOWS\system32\java.exe
0x00007fff028c0000 - 0x00007fff02a6a000 	C:\WINDOWS\SYSTEM32\ntdll.dll
0x00007fff01240000 - 0x00007fff0137a000 	C:\WINDOWS\system32\KERNEL32.DLL
0x00007fff00030000 - 0x00007fff0013f000 	C:\WINDOWS\system32\KERNELBASE.dll
0x00007ffefe480000 - 0x00007ffefe508000 	C:\WINDOWS\system32\apphelp.dll
0x00007ffef3ed0000 - 0x00007ffef3f1f000 	C:\WINDOWS\AppPatch\AppPatch64\AcGenral.DLL
0x00007fff00550000 - 0x00007fff005f7000 	C:\WINDOWS\system32\msvcrt.dll
0x00007ffeffa10000 - 0x00007ffeffa3b000 	C:\WINDOWS\system32\SspiCli.dll
0x00007fff02860000 - 0x00007fff028b1000 	C:\WINDOWS\system32\SHLWAPI.dll
0x00007fff00140000 - 0x00007fff002b1000 	C:\WINDOWS\system32\USER32.dll
0x00007fff00780000 - 0x00007fff008f8000 	C:\WINDOWS\system32\ole32.dll
0x00007fff01380000 - 0x00007fff02796000 	C:\WINDOWS\system32\SHELL32.dll
0x00007ffeff2a0000 - 0x00007ffeff2be000 	C:\WINDOWS\system32\USERENV.dll
0x00007fff004a0000 - 0x00007fff00545000 	C:\WINDOWS\system32\ADVAPI32.dll
0x00007ffefdc40000 - 0x00007ffefdc5b000 	C:\WINDOWS\system32\MPR.dll
0x00007fff00cd0000 - 0x00007fff00e06000 	C:\WINDOWS\system32\RPCRT4.dll
0x00007fff00c70000 - 0x00007fff00cc7000 	C:\WINDOWS\SYSTEM32\sechost.dll
0x00007fff002c0000 - 0x00007fff00496000 	C:\WINDOWS\SYSTEM32\combase.dll
0x00007fff00610000 - 0x00007fff00755000 	C:\WINDOWS\system32\GDI32.dll
0x00007ffeffc30000 - 0x00007ffeffc44000 	C:\WINDOWS\system32\profapi.dll
0x00007ffefcb70000 - 0x00007ffefcc0f000 	C:\WINDOWS\system32\SHCORE.dll
0x00007fff009c0000 - 0x00007fff009f4000 	C:\WINDOWS\system32\IMM32.DLL
0x00007fff00eb0000 - 0x00007fff00fe9000 	C:\WINDOWS\system32\MSCTF.dll
0x00007ffefb7b0000 - 0x00007ffefba0a000 	C:\WINDOWS\WinSxS\amd64_microsoft.windows.common-controls_6595b64144ccf1df_6.0.9600.17031_none_6242a4b3ecbb55a1\COMCTL32.dll
0x0000000060f40000 - 0x0000000061012000 	C:\Program Files\Java\jre7\bin\msvcr100.dll
0x0000000060770000 - 0x0000000060f39000 	C:\Program Files\Java\jre7\bin\server\jvm.dll
0x00007ffeeb370000 - 0x00007ffeeb379000 	C:\WINDOWS\system32\WSOCK32.dll
0x00007ffefbc30000 - 0x00007ffefbc4f000 	C:\WINDOWS\system32\WINMM.dll
0x00007fff027a0000 - 0x00007fff027a7000 	C:\WINDOWS\system32\PSAPI.DLL
0x00007fff00960000 - 0x00007fff009b8000 	C:\WINDOWS\system32\WS2_32.dll
0x00007ffefbc00000 - 0x00007ffefbc2a000 	C:\WINDOWS\system32\WINMMBASE.dll
0x00007fff00ac0000 - 0x00007fff00ac9000 	C:\WINDOWS\system32\NSI.dll
0x00007ffeffe00000 - 0x00007ffeffe4a000 	C:\WINDOWS\SYSTEM32\cfgmgr32.dll
0x00007ffefead0000 - 0x00007ffefeaf6000 	C:\WINDOWS\system32\DEVOBJ.dll
0x0000000060760000 - 0x000000006076f000 	C:\Program Files\Java\jre7\bin\verify.dll
0x0000000060730000 - 0x0000000060758000 	C:\Program Files\Java\jre7\bin\java.dll
0x0000000060710000 - 0x0000000060725000 	C:\Program Files\Java\jre7\bin\zip.dll
0x0000000060530000 - 0x00000000606c5000 	C:\Program Files\Java\jre7\bin\awt.dll
0x00007fff00a00000 - 0x00007fff00ab7000 	C:\WINDOWS\system32\OLEAUT32.dll
0x00007ffefc9a0000 - 0x00007ffefc9c0000 	C:\WINDOWS\system32\DWMAPI.DLL
0x00007ffefe920000 - 0x00007ffefea41000 	C:\WINDOWS\system32\uxtheme.dll
0x00007ffefeb00000 - 0x00007ffefeb0a000 	C:\WINDOWS\SYSTEM32\kernel.appcore.dll
0x00007ffeffaa0000 - 0x00007ffeffaaa000 	C:\WINDOWS\system32\CRYPTBASE.dll
0x00007ffeffa40000 - 0x00007ffeffaa0000 	C:\WINDOWS\system32\bcryptPrimitives.dll
0x00000000604e0000 - 0x0000000060526000 	C:\Program Files\Java\jre7\bin\fontmanager.dll
0x00000000606f0000 - 0x0000000060709000 	C:\Program Files\Java\jre7\bin\net.dll
0x00007ffeff590000 - 0x00007ffeff5e8000 	C:\WINDOWS\system32\mswsock.dll
0x00000000606d0000 - 0x00000000606e1000 	C:\Program Files\Java\jre7\bin\nio.dll
0x0000000060490000 - 0x00000000604d1000 	C:\Program Files\Java\jre7\bin\t2k.dll
0x00007fff027b0000 - 0x00007fff02854000 	C:\WINDOWS\SYSTEM32\clbcatq.dll
0x00007ffefcfe0000 - 0x00007ffefd173000 	C:\WINDOWS\system32\WindowsCodecs.dll
0x00007ffeff5f0000 - 0x00007ffeff60e000 	C:\WINDOWS\system32\CRYPTSP.dll
0x00007ffeff0c0000 - 0x00007ffeff0f5000 	C:\WINDOWS\system32\rsaenh.dll
0x00007ffeff720000 - 0x00007ffeff746000 	C:\WINDOWS\system32\bcrypt.dll
0x00007ffeeef10000 - 0x00007ffeeef21000 	C:\Windows\xboxcontroller64.dll
0x00007ffefd610000 - 0x00007ffefd618000 	C:\WINDOWS\system32\XINPUT9_1_0.dll
0x0000000062400000 - 0x0000000062498000 	C:\WINDOWS\system32\MSVCP100.dll
0x00007ffefabb0000 - 0x00007ffefabbd000 	C:\WINDOWS\SYSTEM32\XInput1_4.dll
0x0000000180000000 - 0x0000000180025000 	C:\Windows\rxtxSerial.dll
0x00007ffefe0b0000 - 0x00007ffefe238000 	C:\WINDOWS\system32\dbghelp.dll

VM Arguments:
java_command: BaseStation.jar
Launcher Type: SUN_STANDARD

Environment Variables:
CLASSPATH=C:\Program Files\Java\jdk1.7.0_45\bin
PATH=c:\Program Files (x86)\Intel\iCLS Client\;c:\Program Files\Intel\iCLS Client\;C:\WINDOWS\system32;C:\WINDOWS;C:\WINDOWS\System32\Wbem;C:\WINDOWS\System32\WindowsPowerShell\v1.0\;C:\Program Files\Intel\Intel(R) Management Engine Components\DAL;C:\Program Files\Intel\Intel(R) Management Engine Components\IPT;C:\Program Files (x86)\Intel\Intel(R) Management Engine Components\DAL;C:\Program Files (x86)\Intel\Intel(R) Management Engine Components\IPT;C:\Program Files (x86)\Windows Live\Shared;C:\Program Files (x86)\QuickTime\QTSystem\;C:\Program Files (x86)\Windows Kits\8.0\Windows Performance Toolkit\;C:\Program Files\Microsoft SQL Server\110\Tools\Binn\;C:\Program Files\Java\jdk1.7.0_45\bin;C:\Program Files (x86)\KDiff3
USERNAME=Dallin
OS=Windows_NT
PROCESSOR_IDENTIFIER=Intel64 Family 6 Model 58 Stepping 9, GenuineIntel



---------------  S Y S T E M  ---------------

OS: Windows 8 , 64 bit Build 9200 

CPU:total 4 (2 cores per cpu, 2 threads per core) family 6 model 58 stepping 9, cmov, cx8, fxsr, mmx, sse, sse2, sse3, ssse3, sse4.1, sse4.2, popcnt, avx, erms, ht, tsc, tscinvbit, tscinv

Memory: 4k page, physical 6161688k(3029988k free), swap 8193304k(4171520k free)

vm_info: Java HotSpot(TM) 64-Bit Server VM (24.45-b08) for windows-amd64 JRE (1.7.0_45-b18), built on Oct  8 2013 05:47:22 by "java_re" with unknown MS VC++:1600

time: Mon May 26 15:04:53 2014
elapsed time: 12 seconds

